SalesAndRepair/app/build/intermediates/manifest_merge_blame_file/debug/manifest-merger-blame-debug-report.txt
1<?xml version="1.0" encoding="utf-8"?>
2<manifest xmlns:android="http://schemas.android.com/apk/res/android"
3    package="com.sdlproject.salesandrepair"
4    android:installLocation="auto"
5    android:versionCode="1"
6    android:versionName="1.0" >
7
8    <uses-sdk
9        android:minSdkVersion="21"
9-->src\main\AndroidManifest.xml
10        android:targetSdkVersion="30" />
10-->src\main\AndroidManifest.xml
11
12    <uses-permission android:name="android.permission.CAMERA" />
12-->src\main\AndroidManifest.xml:6:5-65
12-->src\main\AndroidManifest.xml:6:22-62
13    <uses-permission android:name="android.permission.WRITE_EXTERNAL_STORAGE" />
13-->src\main\AndroidManifest.xml:7:5-81
13-->src\main\AndroidManifest.xml:7:22-78
14    <uses-permission android:name="android.permission.INTERNET" />
14-->src\main\AndroidManifest.xml:8:5-67
14-->src\main\AndroidManifest.xml:8:22-64
15    <uses-permission android:name="android.permission.ACCESS_FINE_LOCATION" />
15-->src\main\AndroidManifest.xml:9:5-79
15-->src\main\AndroidManifest.xml:9:22-76
16    <uses-permission android:name="android.permission.ACCESS_COARSE_LOCATION" />
16-->src\main\AndroidManifest.xml:10:5-81
16-->src\main\AndroidManifest.xml:10:22-78
17    <uses-permission android:name="android.permission.ACCESS_NETWORK_STATE" />
17-->[com.google.firebase:firebase-auth:20.0.1] AndroidManifest.xml:24:5-79
17-->[com.google.firebase:firebase-auth:20.0.1] AndroidManifest.xml:24:22-76
18    <uses-permission android:name="android.permission.WAKE_LOCK" /> <!-- Required by older versions of Google Play services to create IID tokens -->
18-->[com.google.firebase:firebase-iid:21.0.0] AndroidManifest.xml:24:5-68
18-->[com.google.firebase:firebase-iid:21.0.0] AndroidManifest.xml:24:22-65
19    <uses-permission android:name="com.google.android.c2dm.permission.RECEIVE" />
19-->[com.google.firebase:firebase-iid:21.0.0] AndroidManifest.xml:26:5-82
19-->[com.google.firebase:firebase-iid:21.0.0] AndroidManifest.xml:26:22-79
20
21    <application
21-->src\main\AndroidManifest.xml:12:5-57:19
22        android:allowBackup="true"
22-->src\main\AndroidManifest.xml:13:9-35
23        android:appComponentFactory="androidx.core.app.CoreComponentFactory"
23-->[androidx.core:core:1.3.1] AndroidManifest.xml:24:18-86
24        android:debuggable="true"
25        android:icon="@drawable/icon"
25-->src\main\AndroidManifest.xml:14:9-38
26        android:label="@string/app_name"
26-->src\main\AndroidManifest.xml:15:9-41
27        android:roundIcon="@id/icon"
27-->src\main\AndroidManifest.xml:16:9-37
28        android:supportsRtl="true"
28-->src\main\AndroidManifest.xml:17:9-35
29        android:theme="@style/AppTheme.NoActionBar" >
29-->src\main\AndroidManifest.xml:18:9-52
30        <activity android:name="com.sdlproject.salesandrepair.activities.SettingsActivity" />
30-->src\main\AndroidManifest.xml:19:9-74
30-->src\main\AndroidManifest.xml:19:19-62
31        <activity android:name="com.sdlproject.salesandrepair.activities.RepairDetailsUserActivity" />
31-->src\main\AndroidManifest.xml:20:9-74
31-->src\main\AndroidManifest.xml:20:19-71
32        <activity android:name="com.sdlproject.salesandrepair.activities.RepairDetailsSellerActivity" />
32-->src\main\AndroidManifest.xml:21:9-76
32-->src\main\AndroidManifest.xml:21:19-73
33        <activity android:name="com.sdlproject.salesandrepair.activities.AddRepairProductActivity" />
33-->src\main\AndroidManifest.xml:22:9-73
33-->src\main\AndroidManifest.xml:22:19-70
34        <activity android:name="com.sdlproject.salesandrepair.activities.OrderDetailsSellerActivity" />
34-->src\main\AndroidManifest.xml:23:9-75
34-->src\main\AndroidManifest.xml:23:19-72
35        <activity android:name="com.sdlproject.salesandrepair.activities.OrderDetailsUsersActivity" />
35-->src\main\AndroidManifest.xml:24:9-74
35-->src\main\AndroidManifest.xml:24:19-71
36        <activity
36-->src\main\AndroidManifest.xml:25:9-27:57
37            android:name="com.sdlproject.salesandrepair.activities.ShopDetailsActivity"
37-->src\main\AndroidManifest.xml:26:13-59
38            android:windowSoftInputMode="stateHidden" /> <!-- hide keyboard by default -->
38-->src\main\AndroidManifest.xml:27:13-54
39        <activity android:name="com.sdlproject.salesandrepair.activities.EditProductActivity" />
39-->src\main\AndroidManifest.xml:28:9-68
39-->src\main\AndroidManifest.xml:28:19-65
40        <activity android:name="com.sdlproject.salesandrepair.activities.AddProductActivity" />
40-->src\main\AndroidManifest.xml:29:9-67
40-->src\main\AndroidManifest.xml:29:19-64
41        <activity android:name="com.sdlproject.salesandrepair.activities.ProfileEditSellerActivity" />
41-->src\main\AndroidManifest.xml:30:9-74
41-->src\main\AndroidManifest.xml:30:19-71
42        <activity android:name="com.sdlproject.salesandrepair.activities.ProfileEditUserActivity" />
42-->src\main\AndroidManifest.xml:31:9-72
42-->src\main\AndroidManifest.xml:31:19-69
43        <activity android:name="com.sdlproject.salesandrepair.activities.MainUserActivity" />
43-->src\main\AndroidManifest.xml:32:9-65
43-->src\main\AndroidManifest.xml:32:19-62
44        <activity android:name="com.sdlproject.salesandrepair.activities.MainSellerActivity" />
44-->src\main\AndroidManifest.xml:33:9-67
44-->src\main\AndroidManifest.xml:33:19-64
45        <activity android:name="com.sdlproject.salesandrepair.activities.ForgotPasswordActivity" />
45-->src\main\AndroidManifest.xml:34:9-71
45-->src\main\AndroidManifest.xml:34:19-68
46        <activity android:name="com.sdlproject.salesandrepair.activities.RegisterUserActivity" />
46-->src\main\AndroidManifest.xml:35:9-69
46-->src\main\AndroidManifest.xml:35:19-66
47        <activity android:name="com.sdlproject.salesandrepair.activities.RegisterSellerActivity" />
47-->src\main\AndroidManifest.xml:36:9-71
47-->src\main\AndroidManifest.xml:36:19-68
48        <activity android:name="com.sdlproject.salesandrepair.activities.LoginActivity" />
48-->src\main\AndroidManifest.xml:37:9-62
48-->src\main\AndroidManifest.xml:37:19-59
49        <activity android:name="com.sdlproject.salesandrepair.activities.SplashActivity" >
49-->src\main\AndroidManifest.xml:38:9-44:20
49-->src\main\AndroidManifest.xml:38:19-60
50            <intent-filter>
50-->src\main\AndroidManifest.xml:39:13-43:29
51                <action android:name="android.intent.action.MAIN" />
51-->src\main\AndroidManifest.xml:40:17-69
51-->src\main\AndroidManifest.xml:40:25-66
52
53                <category android:name="android.intent.category.LAUNCHER" />
53-->src\main\AndroidManifest.xml:42:17-77
53-->src\main\AndroidManifest.xml:42:27-74
54            </intent-filter>
55        </activity>
56        <activity
56-->src\main\AndroidManifest.xml:45:9-47:59
57            android:name="com.theartofdev.edmodo.cropper.CropImageActivity"
57-->src\main\AndroidManifest.xml:46:13-76
58            android:theme="@style/Base.Theme.AppCompat" />
58-->src\main\AndroidManifest.xml:47:13-56
59
60        <!-- register service to allow to run in background -->
61        <service android:name="com.sdlproject.salesandrepair.MyFirebaseMessaging" >
61-->src\main\AndroidManifest.xml:50:9-55:19
61-->src\main\AndroidManifest.xml:51:13-48
62            <intent-filter>
62-->src\main\AndroidManifest.xml:52:13-54:29
63                <action android:name="com.google.firebase.INSTANCE_ID_EVENT" />
63-->src\main\AndroidManifest.xml:53:17-79
63-->src\main\AndroidManifest.xml:53:25-77
64            </intent-filter>
65        </service>
66
67        <provider
67-->[com.squareup.picasso:picasso:2.71828] AndroidManifest.xml:8:9-11:40
68            android:name="com.squareup.picasso.PicassoProvider"
68-->[com.squareup.picasso:picasso:2.71828] AndroidManifest.xml:9:13-64
69            android:authorities="com.sdlproject.salesandrepair.com.squareup.picasso"
69-->[com.squareup.picasso:picasso:2.71828] AndroidManifest.xml:10:13-72
70            android:exported="false" />
70-->[com.squareup.picasso:picasso:2.71828] AndroidManifest.xml:11:13-37
71
72        <activity
72-->[com.google.firebase:firebase-auth:20.0.1] AndroidManifest.xml:27:9-44:20
73            android:name="com.google.firebase.auth.internal.GenericIdpActivity"
73-->[com.google.firebase:firebase-auth:20.0.1] AndroidManifest.xml:28:13-80
74            android:excludeFromRecents="true"
74-->[com.google.firebase:firebase-auth:20.0.1] AndroidManifest.xml:29:13-46
75            android:exported="true"
75-->[com.google.firebase:firebase-auth:20.0.1] AndroidManifest.xml:30:13-36
76            android:launchMode="singleTask"
76-->[com.google.firebase:firebase-auth:20.0.1] AndroidManifest.xml:31:13-44
77            android:theme="@android:style/Theme.Translucent.NoTitleBar" >
77-->[com.google.firebase:firebase-auth:20.0.1] AndroidManifest.xml:32:13-72
78            <intent-filter>
78-->[com.google.firebase:firebase-auth:20.0.1] AndroidManifest.xml:33:13-43:29
79                <action android:name="android.intent.action.VIEW" />
79-->[com.google.firebase:firebase-auth:20.0.1] AndroidManifest.xml:34:17-69
79-->[com.google.firebase:firebase-auth:20.0.1] AndroidManifest.xml:34:25-66
80
81                <category android:name="android.intent.category.DEFAULT" />
81-->[com.google.firebase:firebase-auth:20.0.1] AndroidManifest.xml:36:17-76
81-->[com.google.firebase:firebase-auth:20.0.1] AndroidManifest.xml:36:27-73
82                <category android:name="android.intent.category.BROWSABLE" />
82-->[com.google.firebase:firebase-auth:20.0.1] AndroidManifest.xml:37:17-78
82-->[com.google.firebase:firebase-auth:20.0.1] AndroidManifest.xml:37:27-75
83
84                <data
84-->[com.google.firebase:firebase-auth:20.0.1] AndroidManifest.xml:39:17-42:51
85                    android:host="firebase.auth"
85-->[com.google.firebase:firebase-auth:20.0.1] AndroidManifest.xml:40:21-49
86                    android:path="/"
86-->[com.google.firebase:firebase-auth:20.0.1] AndroidManifest.xml:41:21-37
87                    android:scheme="genericidp" />
87-->[com.google.firebase:firebase-auth:20.0.1] AndroidManifest.xml:42:21-48
88            </intent-filter>
89        </activity>
90        <activity
90-->[com.google.firebase:firebase-auth:20.0.1] AndroidManifest.xml:45:9-62:20
91            android:name="com.google.firebase.auth.internal.RecaptchaActivity"
91-->[com.google.firebase:firebase-auth:20.0.1] AndroidManifest.xml:46:13-79
92            android:excludeFromRecents="true"
92-->[com.google.firebase:firebase-auth:20.0.1] AndroidManifest.xml:47:13-46
93            android:exported="true"
93-->[com.google.firebase:firebase-auth:20.0.1] AndroidManifest.xml:48:13-36
94            android:launchMode="singleTask"
94-->[com.google.firebase:firebase-auth:20.0.1] AndroidManifest.xml:49:13-44
95            android:theme="@android:style/Theme.Translucent.NoTitleBar" >
95-->[com.google.firebase:firebase-auth:20.0.1] AndroidManifest.xml:50:13-72
96            <intent-filter>
96-->[com.google.firebase:firebase-auth:20.0.1] AndroidManifest.xml:51:13-61:29
97                <action android:name="android.intent.action.VIEW" />
97-->[com.google.firebase:firebase-auth:20.0.1] AndroidManifest.xml:34:17-69
97-->[com.google.firebase:firebase-auth:20.0.1] AndroidManifest.xml:34:25-66
98
99                <category android:name="android.intent.category.DEFAULT" />
99-->[com.google.firebase:firebase-auth:20.0.1] AndroidManifest.xml:36:17-76
99-->[com.google.firebase:firebase-auth:20.0.1] AndroidManifest.xml:36:27-73
100                <category android:name="android.intent.category.BROWSABLE" />
100-->[com.google.firebase:firebase-auth:20.0.1] AndroidManifest.xml:37:17-78
100-->[com.google.firebase:firebase-auth:20.0.1] AndroidManifest.xml:37:27-75
101
102                <data
102-->[com.google.firebase:firebase-auth:20.0.1] AndroidManifest.xml:39:17-42:51
103                    android:host="firebase.auth"
103-->[com.google.firebase:firebase-auth:20.0.1] AndroidManifest.xml:40:21-49
104                    android:path="/"
104-->[com.google.firebase:firebase-auth:20.0.1] AndroidManifest.xml:41:21-37
105                    android:scheme="recaptcha" />
105-->[com.google.firebase:firebase-auth:20.0.1] AndroidManifest.xml:42:21-48
106            </intent-filter>
107        </activity>
108
109        <service
109-->[com.google.firebase:firebase-auth:20.0.1] AndroidManifest.xml:64:9-73:19
110            android:name="com.google.firebase.auth.api.fallback.service.FirebaseAuthFallbackService"
110-->[com.google.firebase:firebase-auth:20.0.1] AndroidManifest.xml:65:13-101
111            android:enabled="true"
111-->[com.google.firebase:firebase-auth:20.0.1] AndroidManifest.xml:66:13-35
112            android:exported="false" >
112-->[com.google.firebase:firebase-auth:20.0.1] AndroidManifest.xml:67:13-37
113            <intent-filter>
113-->[com.google.firebase:firebase-auth:20.0.1] AndroidManifest.xml:68:13-72:29
114                <action android:name="com.google.firebase.auth.api.gms.service.START" />
114-->[com.google.firebase:firebase-auth:20.0.1] AndroidManifest.xml:69:17-89
114-->[com.google.firebase:firebase-auth:20.0.1] AndroidManifest.xml:69:25-86
115
116                <category android:name="android.intent.category.DEFAULT" />
116-->[com.google.firebase:firebase-auth:20.0.1] AndroidManifest.xml:36:17-76
116-->[com.google.firebase:firebase-auth:20.0.1] AndroidManifest.xml:36:27-73
117            </intent-filter>
118        </service>
119        <service
119-->[com.google.firebase:firebase-auth:20.0.1] AndroidManifest.xml:74:9-80:19
120            android:name="com.google.firebase.components.ComponentDiscoveryService"
120-->[com.google.firebase:firebase-auth:20.0.1] AndroidManifest.xml:75:13-84
121            android:directBootAware="true"
121-->[com.google.firebase:firebase-common:19.4.0] AndroidManifest.xml:35:13-43
122            android:exported="false" >
122-->[com.google.firebase:firebase-auth:20.0.1] AndroidManifest.xml:76:13-37
123            <meta-data
123-->[com.google.firebase:firebase-auth:20.0.1] AndroidManifest.xml:77:13-79:85
124                android:name="com.google.firebase.components:com.google.firebase.auth.FirebaseAuthRegistrar"
124-->[com.google.firebase:firebase-auth:20.0.1] AndroidManifest.xml:78:17-109
125                android:value="com.google.firebase.components.ComponentRegistrar" />
125-->[com.google.firebase:firebase-auth:20.0.1] AndroidManifest.xml:79:17-82
126            <meta-data
126-->[com.google.firebase:firebase-storage:19.2.0] AndroidManifest.xml:33:13-35:85
127                android:name="com.google.firebase.components:com.google.firebase.storage.StorageRegistrar"
127-->[com.google.firebase:firebase-storage:19.2.0] AndroidManifest.xml:34:17-107
128                android:value="com.google.firebase.components.ComponentRegistrar" />
128-->[com.google.firebase:firebase-storage:19.2.0] AndroidManifest.xml:35:17-82
129            <meta-data
129-->[com.google.firebase:firebase-database:19.5.1] AndroidManifest.xml:32:13-34:85
130                android:name="com.google.firebase.components:com.google.firebase.database.DatabaseRegistrar"
130-->[com.google.firebase:firebase-database:19.5.1] AndroidManifest.xml:33:17-109
131                android:value="com.google.firebase.components.ComponentRegistrar" />
131-->[com.google.firebase:firebase-database:19.5.1] AndroidManifest.xml:34:17-82
132            <meta-data
132-->[com.google.firebase:firebase-messaging:21.0.0] AndroidManifest.xml:39:13-41:85
133                android:name="com.google.firebase.components:com.google.firebase.messaging.FirebaseMessagingRegistrar"
133-->[com.google.firebase:firebase-messaging:21.0.0] AndroidManifest.xml:40:17-119
134                android:value="com.google.firebase.components.ComponentRegistrar" />
134-->[com.google.firebase:firebase-messaging:21.0.0] AndroidManifest.xml:41:17-82
135            <meta-data
135-->[com.google.firebase:firebase-iid:21.0.0] AndroidManifest.xml:32:13-34:85
136                android:name="com.google.firebase.components:com.google.firebase.iid.Registrar"
136-->[com.google.firebase:firebase-iid:21.0.0] AndroidManifest.xml:33:17-96
137                android:value="com.google.firebase.components.ComponentRegistrar" />
137-->[com.google.firebase:firebase-iid:21.0.0] AndroidManifest.xml:34:17-82
138            <meta-data
138-->[com.google.firebase:firebase-datatransport:17.0.3] AndroidManifest.xml:28:13-30:85
139                android:name="com.google.firebase.components:com.google.firebase.datatransport.TransportRegistrar"
139-->[com.google.firebase:firebase-datatransport:17.0.3] AndroidManifest.xml:29:17-115
140                android:value="com.google.firebase.components.ComponentRegistrar" />
140-->[com.google.firebase:firebase-datatransport:17.0.3] AndroidManifest.xml:30:17-82
141            <meta-data
141-->[com.google.firebase:firebase-installations:16.3.3] AndroidManifest.xml:17:13-19:85
142                android:name="com.google.firebase.components:com.google.firebase.installations.FirebaseInstallationsRegistrar"
142-->[com.google.firebase:firebase-installations:16.3.3] AndroidManifest.xml:18:17-127
143                android:value="com.google.firebase.components.ComponentRegistrar" />
143-->[com.google.firebase:firebase-installations:16.3.3] AndroidManifest.xml:19:17-82
144        </service>
145        <!--
146             FirebaseMessagingService performs security checks at runtime,
147             but set to not exported to explicitly avoid allowing another app to call it.
148        -->
149        <service
149-->[com.google.firebase:firebase-messaging:21.0.0] AndroidManifest.xml:28:9-35:19
150            android:name="com.google.firebase.messaging.FirebaseMessagingService"
150-->[com.google.firebase:firebase-messaging:21.0.0] AndroidManifest.xml:29:13-82
151            android:directBootAware="true"
151-->[com.google.firebase:firebase-messaging:21.0.0] AndroidManifest.xml:30:13-43
152            android:exported="false" >
152-->[com.google.firebase:firebase-messaging:21.0.0] AndroidManifest.xml:31:13-37
153            <intent-filter android:priority="-500" >
153-->[com.google.firebase:firebase-messaging:21.0.0] AndroidManifest.xml:32:13-34:29
153-->[com.google.firebase:firebase-messaging:21.0.0] AndroidManifest.xml:32:28-51
154                <action android:name="com.google.firebase.MESSAGING_EVENT" />
154-->[com.google.firebase:firebase-messaging:21.0.0] AndroidManifest.xml:33:17-78
154-->[com.google.firebase:firebase-messaging:21.0.0] AndroidManifest.xml:33:25-75
155            </intent-filter>
156        </service>
157
158        <receiver
158-->[com.google.firebase:firebase-iid:21.0.0] AndroidManifest.xml:37:9-44:20
159            android:name="com.google.firebase.iid.FirebaseInstanceIdReceiver"
159-->[com.google.firebase:firebase-iid:21.0.0] AndroidManifest.xml:38:13-78
160            android:exported="true"
160-->[com.google.firebase:firebase-iid:21.0.0] AndroidManifest.xml:39:13-36
161            android:permission="com.google.android.c2dm.permission.SEND" >
161-->[com.google.firebase:firebase-iid:21.0.0] AndroidManifest.xml:40:13-73
162            <intent-filter>
162-->[com.google.firebase:firebase-iid:21.0.0] AndroidManifest.xml:41:13-43:29
163                <action android:name="com.google.android.c2dm.intent.RECEIVE" />
163-->[com.google.firebase:firebase-iid:21.0.0] AndroidManifest.xml:42:17-81
163-->[com.google.firebase:firebase-iid:21.0.0] AndroidManifest.xml:42:25-78
164            </intent-filter>
165        </receiver>
166
167        <activity
167-->[com.google.android.gms:play-services-base:17.1.0] AndroidManifest.xml:23:9-26:75
168            android:name="com.google.android.gms.common.api.GoogleApiActivity"
168-->[com.google.android.gms:play-services-base:17.1.0] AndroidManifest.xml:24:13-79
169            android:exported="false"
169-->[com.google.android.gms:play-services-base:17.1.0] AndroidManifest.xml:25:13-37
170            android:theme="@android:style/Theme.Translucent.NoTitleBar" />
170-->[com.google.android.gms:play-services-base:17.1.0] AndroidManifest.xml:26:13-72
171
172        <provider
172-->[com.google.firebase:firebase-common:19.4.0] AndroidManifest.xml:26:9-31:39
173            android:name="com.google.firebase.provider.FirebaseInitProvider"
173-->[com.google.firebase:firebase-common:19.4.0] AndroidManifest.xml:27:13-77
174            android:authorities="com.sdlproject.salesandrepair.firebaseinitprovider"
174-->[com.google.firebase:firebase-common:19.4.0] AndroidManifest.xml:28:13-72
175            android:directBootAware="true"
175-->[com.google.firebase:firebase-common:19.4.0] AndroidManifest.xml:29:13-43
176            android:exported="false"
176-->[com.google.firebase:firebase-common:19.4.0] AndroidManifest.xml:30:13-37
177            android:initOrder="100" />
177-->[com.google.firebase:firebase-common:19.4.0] AndroidManifest.xml:31:13-36
178
179        <meta-data
179-->[com.google.android.gms:play-services-basement:17.1.0] AndroidManifest.xml:23:9-25:69
180            android:name="com.google.android.gms.version"
180-->[com.google.android.gms:play-services-basement:17.1.0] AndroidManifest.xml:24:13-58
181            android:value="@integer/google_play_services_version" />
181-->[com.google.android.gms:play-services-basement:17.1.0] AndroidManifest.xml:25:13-66
182
183        <service
183-->[com.google.android.datatransport:transport-backend-cct:2.2.0] AndroidManifest.xml:29:9-35:19
184            android:name="com.google.android.datatransport.runtime.backends.TransportBackendDiscovery"
184-->[com.google.android.datatransport:transport-backend-cct:2.2.0] AndroidManifest.xml:30:13-103
185            android:exported="false" >
185-->[com.google.android.datatransport:transport-backend-cct:2.2.0] AndroidManifest.xml:31:13-37
186            <meta-data
186-->[com.google.android.datatransport:transport-backend-cct:2.2.0] AndroidManifest.xml:32:13-34:39
187                android:name="backend:com.google.android.datatransport.cct.CctBackendFactory"
187-->[com.google.android.datatransport:transport-backend-cct:2.2.0] AndroidManifest.xml:33:17-94
188                android:value="cct" />
188-->[com.google.android.datatransport:transport-backend-cct:2.2.0] AndroidManifest.xml:34:17-36
189        </service>
190        <service
190-->[com.google.android.datatransport:transport-runtime:2.2.0] AndroidManifest.xml:26:9-30:19
191            android:name="com.google.android.datatransport.runtime.scheduling.jobscheduling.JobInfoSchedulerService"
191-->[com.google.android.datatransport:transport-runtime:2.2.0] AndroidManifest.xml:27:13-117
192            android:exported="false"
192-->[com.google.android.datatransport:transport-runtime:2.2.0] AndroidManifest.xml:28:13-37
193            android:permission="android.permission.BIND_JOB_SERVICE" >
193-->[com.google.android.datatransport:transport-runtime:2.2.0] AndroidManifest.xml:29:13-69
194        </service>
195
196        <receiver
196-->[com.google.android.datatransport:transport-runtime:2.2.0] AndroidManifest.xml:32:9-34:40
197            android:name="com.google.android.datatransport.runtime.scheduling.jobscheduling.AlarmManagerSchedulerBroadcastReceiver"
197-->[com.google.android.datatransport:transport-runtime:2.2.0] AndroidManifest.xml:33:13-132
198            android:exported="false" />
198-->[com.google.android.datatransport:transport-runtime:2.2.0] AndroidManifest.xml:34:13-37
199    </application>
200
201</manifest>